<?xml version="1.0" encoding="UTF-8"?>
<!-- Generated by org.testng.reporters.JUnitReportReporter -->
<testsuite hostname="DESKTOP-KRS7JII" failures="0" tests="4" name="practice.SampleTestNg" time="0.054" errors="0" timestamp="2022-10-04T11:37:36 IST" skipped="0">
  <testcase classname="practice.SampleTestNg" name="createCustomerTest" time="0.017"/>
  <system-out/>
  <testcase classname="practice.SampleTestNg" name="createModifyTest" time="0.014"/>
  <system-out/>
  <testcase classname="practice.SampleTestNg" name="createCustomerTest" time="0.014"/>
  <system-out/>
  <testcase classname="practice.SampleTestNg" name="createDeleteTest" time="0.009"/>
  <system-out/>
</testsuite> <!-- practice.SampleTestNg -->
