<?xml version="1.0" encoding="UTF-8"?>
<!-- Generated by org.testng.reporters.JUnitReportReporter -->
<testsuite hostname="DESKTOP-KRS7JII" failures="0" tests="5" name="practice.DataProviderTest" time="0.061" errors="0" timestamp="2022-10-16T19:07:02 IST" skipped="0">
  <testcase classname="practice.DataProviderTest" name="BookTicket" time="0.004"/>
  <system-out/>
  <testcase classname="practice.DataProviderTest" name="BookTicket" time="0.005"/>
  <system-out/>
  <testcase classname="practice.DataProviderTest" name="BookTicket" time="0.019"/>
  <system-out/>
  <testcase classname="practice.DataProviderTest" name="BookTicket" time="0.020"/>
  <system-out/>
  <testcase classname="practice.DataProviderTest" name="BookTicket" time="0.013"/>
  <system-out/>
</testsuite> <!-- practice.DataProviderTest -->
