<?xml version="1.0" encoding="UTF-8"?>
<!-- Generated by org.testng.reporters.JUnitReportReporter -->
<testsuite hostname="DESKTOP-KRS7JII" failures="0" tests="3" name="practice.DataProviderExTest" time="146.218" errors="0" timestamp="2022-10-14T12:46:26 IST" skipped="0">
  <testcase classname="practice.DataProviderExTest" name="contactDetails" time="42.773"/>
  <system-out/>
  <testcase classname="practice.DataProviderExTest" name="contactDetails" time="35.771"/>
  <system-out/>
  <testcase classname="practice.DataProviderExTest" name="contactDetails" time="67.674"/>
  <system-out/>
</testsuite> <!-- practice.DataProviderExTest -->
