<?xml version="1.0" encoding="UTF-8"?>
<!-- Generated by org.testng.reporters.JUnitReportReporter -->
<testsuite hostname="DESKTOP-KRS7JII" failures="0" tests="1" name="com.crm.Product.CreateCampaignTest" time="89.696" errors="0" timestamp="2022-10-25T16:39:12 IST" skipped="0">
  <testcase classname="com.crm.Product.CreateCampaignTest" name="CreateCampaign" time="89.696"/>
  <system-out/>
</testsuite> <!-- com.crm.Product.CreateCampaignTest -->
