<?xml version="1.0" encoding="UTF-8"?>
<!-- Generated by org.testng.reporters.JUnitReportReporter -->
<testsuite hostname="DESKTOP-KRS7JII" failures="0" tests="1" name="com.crm.Organisation.CreateOrgExTest" time="93.887" errors="0" timestamp="2022-10-22T17:23:06 IST" skipped="0">
  <testcase classname="com.crm.Organisation.CreateOrgExTest" name="CreateOrganisation" time="93.887"/>
  <system-out/>
</testsuite> <!-- com.crm.Organisation.CreateOrgExTest -->
