<?xml version="1.0" encoding="UTF-8"?>
<!-- Generated by org.testng.reporters.JUnitReportReporter -->
<testsuite hostname="DESKTOP-KRS7JII" failures="0" tests="1" name="com.crm.Product.CreateCampaignTest" time="23.280" errors="0" timestamp="2022-10-16T22:25:21 IST" skipped="0">
  <testcase classname="com.crm.Product.CreateCampaignTest" name="CreateCampaign" time="23.280"/>
  <system-out/>
</testsuite> <!-- com.crm.Product.CreateCampaignTest -->
