<?xml version="1.0" encoding="UTF-8"?>
<!-- Generated by org.testng.reporters.JUnitReportReporter -->
<testsuite hostname="DESKTOP-KRS7JII" failures="0" tests="1" name="practice.FlipkartExTest" time="44.850" errors="0" timestamp="2022-10-15T09:41:32 IST" skipped="0">
  <testcase classname="practice.FlipkartExTest" name="flipkartxpath" time="44.850"/>
  <system-out/>
</testsuite> <!-- practice.FlipkartExTest -->
