<?xml version="1.0" encoding="UTF-8"?>
<!-- Generated by org.testng.reporters.JUnitReportReporter -->
<testsuite hostname="DESKTOP-KRS7JII" failures="0" tests="1" name="com.crm.Product.CreateProductE" time="82.488" errors="0" timestamp="2022-10-05T17:48:06 IST" skipped="0">
  <testcase classname="com.crm.Product.CreateProductE" name="CreateProduct" time="82.488"/>
  <system-out/>
</testsuite> <!-- com.crm.Product.CreateProductE -->
