<?xml version="1.0" encoding="UTF-8"?>
<!-- Generated by org.testng.reporters.JUnitReportReporter -->
<testsuite hostname="DESKTOP-KRS7JII" failures="0" tests="2" name="practice.HardAssertEx" time="0.041" errors="0" timestamp="2022-10-07T11:13:32 IST" skipped="0">
  <testcase classname="practice.HardAssertEx" name="createCustomer" time="0.025"/>
  <system-out/>
  <testcase classname="practice.HardAssertEx" name="modifyCustomer" time="0.016"/>
  <system-out/>
</testsuite> <!-- practice.HardAssertEx -->
