<?xml version="1.0" encoding="UTF-8"?>
<!-- Generated by org.testng.reporters.JUnitReportReporter -->
<testsuite hostname="DESKTOP-KRS7JII" failures="0" tests="1" name="com.crm.Product.CreateCampaign" time="24.079" errors="0" timestamp="2022-10-04T15:43:31 IST" skipped="0">
  <testcase classname="com.crm.Product.CreateCampaign" name="CreateCampaign" time="24.079"/>
  <system-out/>
</testsuite> <!-- com.crm.Product.CreateCampaign -->
