<?xml version="1.0" encoding="UTF-8"?>
<!-- Generated by org.testng.reporters.JUnitReportReporter -->
<testsuite hostname="DESKTOP-KRS7JII" failures="0" tests="1" name="com.crm.Product.CreateCampignWithProduct" time="52.703" errors="0" timestamp="2022-10-06T11:04:58 IST" skipped="0">
  <testcase classname="com.crm.Product.CreateCampignWithProduct" name="CreateCampaignAndproduct" time="52.703"/>
  <system-out/>
</testsuite> <!-- com.crm.Product.CreateCampignWithProduct -->
