<?xml version="1.0" encoding="UTF-8"?>
<!-- Generated by org.testng.reporters.JUnitReportReporter -->
<testsuite hostname="DESKTOP-KRS7JII" failures="0" tests="3" name="practice.ExampleDataProvider" time="0.028" errors="0" timestamp="2022-10-16T19:13:18 IST" skipped="0">
  <testcase classname="practice.ExampleDataProvider" name="TicketBooking" time="0.012"/>
  <system-out/>
  <testcase classname="practice.ExampleDataProvider" name="TicketBooking" time="0.012"/>
  <system-out/>
  <testcase classname="practice.ExampleDataProvider" name="TicketBooking" time="0.004"/>
  <system-out/>
</testsuite> <!-- practice.ExampleDataProvider -->
