<?xml version="1.0" encoding="UTF-8"?>
<!-- Generated by org.testng.reporters.JUnitReportReporter -->
<testsuite hostname="DESKTOP-KRS7JII" failures="0" tests="1" name="com.crm.Organisation.CreateOrgEx" time="121.658" errors="0" timestamp="2022-10-06T11:04:58 IST" skipped="0">
  <testcase classname="com.crm.Organisation.CreateOrgEx" name="CreateOrganisation" time="121.658"/>
  <system-out/>
</testsuite> <!-- com.crm.Organisation.CreateOrgEx -->
