<?xml version="1.0" encoding="UTF-8"?>
<!-- Generated by org.testng.reporters.JUnitReportReporter -->
<testsuite hostname="DESKTOP-KRS7JII" failures="0" tests="1" name="com.crm.Product.CreateCampignWithProductTest" time="44.694" errors="0" timestamp="2022-10-16T22:29:09 IST" skipped="0">
  <testcase classname="com.crm.Product.CreateCampignWithProductTest" name="CreateCampaignAndproduct" time="44.694"/>
  <system-out/>
</testsuite> <!-- com.crm.Product.CreateCampignWithProductTest -->
