<?xml version="1.0" encoding="UTF-8"?>
<!-- Generated by org.testng.reporters.JUnitReportReporter -->
<testsuite hostname="DESKTOP-KRS7JII" failures="0" tests="1" name="com.crm.Product.CreateProductTest" time="58.021" errors="0" timestamp="2022-10-07T11:42:24 IST" skipped="0">
  <testcase classname="com.crm.Product.CreateProductTest" name="CreateProduct" time="58.021"/>
  <system-out/>
</testsuite> <!-- com.crm.Product.CreateProductTest -->
